<?xml version="1.0" encoding="UTF-8"?>
<!-- Generated by org.testng.reporters.JUnitReportReporter -->
<testsuite hostname="PRINHYLTPHP0404" name="com.imaginea.amazontask.LoginAndSearch" tests="5" failures="0" timestamp="14 Jun 2019 06:24:26 GMT" time="29.348" errors="0">
  <testcase name="searchCart" time="13.451" classname="com.imaginea.amazontask.LoginAndSearch"/>
  <testcase name="orders" time="5.986" classname="com.imaginea.amazontask.LoginAndSearch"/>
  <testcase name="base" time="4.198" classname="com.imaginea.amazontask.LoginAndSearch"/>
  <testcase name="addToCart" time="2.080" classname="com.imaginea.amazontask.LoginAndSearch"/>
  <testcase name="login" time="3.633" classname="com.imaginea.amazontask.LoginAndSearch"/>
</testsuite> <!-- com.imaginea.amazontask.LoginAndSearch -->
