<?xml version="1.0" encoding="UTF-8"?>
<!-- Generated by org.testng.reporters.JUnitReportReporter -->
<testsuite skipped="0" hostname="PRINHYLTPHP0404" name="com.imaginea.amazontask.Registration" tests="2" failures="0" timestamp="29 Jul 2019 09:04:32 GMT" time="6.106" errors="0">
  <testcase name="base" time="4.621" classname="com.imaginea.amazontask.Registration"/>
  <testcase name="userRegistration" time="1.485" classname="com.imaginea.amazontask.Registration"/>
</testsuite> <!-- com.imaginea.amazontask.Registration -->
